C51 COMPILER V9.00   DS1302                                                                01/10/2013 17:30:28 PAGE 1   


C51 COMPILER V9.00, COMPILATION OF MODULE DS1302
OBJECT MODULE PLACED IN DS1302.OBJ
COMPILER INVOKED BY: D:\Keil U4\C51\BIN\C51.EXE DS1302.c BROWSE DEBUG OBJECTEXTEND

line level    source

   1          #include<reg51.h>
   2          #include<intrins.h>
   3          #define uint unsigned int
   4          #define uchar unsigned char
   5          /************************
   6          *  DS1302功能引脚位定义
   7          *************************/
   8          sbit ds1302data=P3^4; //ds1302数据通信线
   9          sbit ds1302rst=P3^5;  //ds1302复位信号
  10          sbit ds1302sclk=P3^6;  //ds1302同步时钟信号
  11          /*********************************************
  12             定义 DS1302 clock/calendar 寄存器初始化值
  13             读、写 DS1302 clock/calendar 寄存器的地址
  14          **********************************************/
  15          uchar code ds1302_initialcalendar[]={0,0,12,11,10,4,12}; //2012年10月8日星期一12：00
  16          uchar code ds1302_write_ckaddress[]={0x80,0x82,0x84,0x86,0x88,0x8a,0x8c}; //写clock/calendar地址
  17          uchar code ds1302_read_ckaddress[]={0x81,0x83,0x85,0x87,0x89,0x8b,0x8d};  //读clock/calendar地址
  18          /*************************************************
  19          *  函数功能：向ds1302写一个字节内容（地址或数据）
  20          *  入口参数：uchar content
  21          *  出口参数：
  22          **************************************************/
  23          void ds1302_writebyte(uchar content) 
  24          {
  25   1              uchar i;
  26   1              ds1302sclk=0;
  27   1              _nop_();
  28   1              ds1302rst=1;
  29   1              for(i=0;i<8;i++)
  30   1              {               
  31   2                      ds1302sclk=0;
  32   2                      _nop_();
  33   2                      ds1302data=content&0x01;
  34   2                      _nop_();
  35   2                      ds1302sclk=1;           //每次写完后保持ds1302sclk为高电平状态
  36   2                      content>>=1;
  37   2              }
  38   1      }
  39          /************************************************************
  40          *  函数功能：向ds1302先写一个字节地址，然后再写一个字节数据
  41          *  入口参数：uchar address,uchar dat
  42          *  出口参数：
  43          *************************************************************/
  44          void ds1302_write(uchar address,uchar dat)
  45          {
  46   1              ds1302rst=0;
  47   1              ds1302_writebyte(address);
  48   1              ds1302_writebyte(dat);
  49   1              ds1302rst=0;
  50   1      }
  51          /*************************************
  52          *  函数功能：从ds1302读出一个字节数据
  53          *  入口参数：
  54          *  出口参数：uchar dat
  55          **************************************/
C51 COMPILER V9.00   DS1302                                                                01/10/2013 17:30:28 PAGE 2   

  56          uchar ds1302_readbyte()
  57          {
  58   1              uchar i,dat=0;
  59   1              for(i=0;i<8;i++)
  60   1              {
  61   2                      ds1302sclk=0;   
  62   2                      dat>>=1;
  63   2                      if(ds1302data)
  64   2                              dat|=0x80;
  65   2                      ds1302sclk=1;
  66   2                      _nop_();
  67   2              }
  68   1              return dat;
  69   1      }
  70          /**********************************
  71          *  函数功能：从ds1302读出一个字节
  72          *  入口参数：uchar address
  73          *  出口参数：uchar dat
  74          ***********************************/
  75          uchar ds1302_read(uchar address)
  76          {
  77   1              
  78   1              uchar dat;
  79   1              ds1302rst=0;
  80   1              ds1302_writebyte(address);
  81   1              dat=ds1302_readbyte();
  82   1              ds1302rst=0;
  83   1              return dat;
  84   1      }
  85          /***********************************
  86          *  函数功能：将十进制码转换成BCD码
  87          *  入口参数：uchar decimal
  88          *  出口参数：
  89          ************************************/
  90          uchar decimal_bcd(uchar decimal)
  91          {
  92   1              return((decimal/10)*16+(decimal%10)); //运算符的优先级！！！
  93   1      }
  94          /*******************************************
  95          *  函数功能：将BCD码十进制码转换成十进制码
  96          *  入口参数：uchar bcd
  97          *  出口参数：
  98          *******************************************/
  99          uchar bcd_decimal(uchar bcd)             ////运算符的优先级！！！
 100          {
 101   1              return((bcd/16)*10+(bcd&0x0f));
 102   1      
 103   1      }
 104          /********************************
 105          *  函数功能：对ds1302进行初始化
 106          *  入口参数：
 107          *  出口参数：
 108          ********************************/
 109          void ds1302_initial()
 110          {
 111   1              uchar i;
 112   1              ds1302_write(0x8e,0x00); //写Control寄存器地址/命令字节,将Control寄存器的最高位wp置零                                                                                                             
 113   1              for(i=0;i<7;i++)
 114   1              {
 115   2                      ds1302_write(ds1302_write_ckaddress[i],decimal_bcd(ds1302_initialcalendar[i]));
 116   2                      _nop_();
 117   2              }
C51 COMPILER V9.00   DS1302                                                                01/10/2013 17:30:28 PAGE 3   

 118   1      }
 119                  
 120                  
 121                  
 122                  
 123                  
 124          
 125                  
 126          
 127          
 128          
 129          


MODULE INFORMATION:   STATIC OVERLAYABLE
   CODE SIZE        =    142    ----
   CONSTANT SIZE    =     21    ----
   XDATA SIZE       =   ----    ----
   PDATA SIZE       =   ----    ----
   DATA SIZE        =   ----    ----
   IDATA SIZE       =   ----    ----
   BIT SIZE         =   ----    ----
END OF MODULE INFORMATION.


C51 COMPILATION COMPLETE.  0 WARNING(S),  0 ERROR(S)
